<?xml version="1.0" encoding="UTF-8"?>
<!-- Generated by org.testng.reporters.JUnitReportReporter -->
<testsuite hostname="Shiva" failures="0" tests="1" name="ScrollDownTillBottomofPage" time="17.775" errors="0" timestamp="2024-12-06T15:30:58 IST" skipped="0">
  <testcase classname="ScrollDownTillBottomofPage" name="ScrollTillElement" time="17.775"/>
</testsuite> <!-- ScrollDownTillBottomofPage -->
