<?xml version="1.0" encoding="UTF-8"?>
<!-- Generated by org.testng.reporters.JUnitReportReporter -->
<testsuite hostname="Shiva" failures="0" tests="1" name="ScrollDownTillBottomofPage" time="11.272" errors="0" timestamp="2025-02-13T13:15:38 IST" skipped="0">
  <testcase classname="ScrollDownTillBottomofPage" name="sendKeys" time="11.272"/>
</testsuite> <!-- ScrollDownTillBottomofPage -->
